command=.venv/bin/python skills/openapi-engineering/scripts/run_empirical_gate.py --manifest docs/verifications/p2-20260715/real-upgrade-manifest.json --execute --approve 6a26561df947335202e9a866dfdfd055aef919c166caa27025b5c83499619e29 --report docs/verifications/p2-20260715/real-upgrade-report.json
exit_code=0
result=GREEN
previous_generator=openapi-generator-cli 7.22.0
current_generator=openapi-generator-cli 7.23.0
accepted_baseline_match=true
gates_passed=11
generated_files_previous=23
generated_files_current=23
diff_added=0
diff_removed=0
diff_changed=4
diff_unchanged=19
unexplained_diff=0
fixture_extension=7.23.0 raw []byte and io.Reader response decoding
decision=adopt-upgrade
unverified=0
project_unchanged=true
baseline_unchanged=true
workspace_reclaimed=true
